2025-08-08 15:38:00 | INFO | repo=arquillian-phantom-binary | action=pull
2025-03-13 11:10:00 | INFO | repo=arquillian-phantom-binary | action=commit
2025-04-26 12:22:00 | INFO | repo=arquillian-phantom-binary | action=commit
2025-11-09 19:43:00 | INFO | repo=arquillian-phantom-binary | action=commit
2025-03-06 09:38:00 | DEBUG | repo=arquillian-phantom-binary | action=commit
2025-03-10 18:17:00 | DEBUG | repo=arquillian-phantom-binary | action=test | passed=true
2025-08-01 09:44:00 | INFO | repo=arquillian-phantom-binary | action=pull
2025-10-06 21:37:00 | INFO | repo=arquillian-phantom-binary | action=test | passed=true
2025-04-18 09:08:00 | DEBUG | repo=arquillian-phantom-binary | action=commit
2025-08-09 07:17:00 | WARN | repo=arquillian-phantom-binary | action=test | passed=true
2025-11-17 14:22:00 | INFO | repo=arquillian-phantom-binary | action=commit
2025-02-05 11:31:00 | INFO | repo=arquillian-phantom-binary | action=commit
2025-05-14 11:17:00 | INFO | repo=arquillian-phantom-binary | action=commit
2025-03-28 18:12:00 | INFO | repo=arquillian-phantom-binary | action=edit | files=2
2025-02-15 14:58:00 | INFO | repo=arquillian-phantom-binary | action=commit
2025-03-23 08:29:00 | WARN | repo=arquillian-phantom-binary | action=commit
2025-04-15 12:04:00 | DEBUG | repo=arquillian-phantom-binary | action=test | passed=true
2025-05-24 08:07:00 | INFO | repo=arquillian-phantom-binary | action=commit
2025-07-04 09:04:00 | DEBUG | repo=arquillian-phantom-binary | action=commit
2025-04-28 19:31:00 | INFO | repo=arquillian-phantom-binary | action=pull
2025-01-02 18:17:00 | INFO | repo=arquillian-phantom-binary | action=commit
2025-01-18 20:40:00 | DEBUG | repo=arquillian-phantom-binary | action=commit
2025-03-24 20:30:00 | INFO | repo=arquillian-phantom-binary | action=commit
2025-12-11 21:52:00 | WARN | repo=arquillian-phantom-binary | action=commit
2025-09-13 07:33:00 | WARN | repo=arquillian-phantom-binary | action=commit
2025-03-11 21:17:00 | DEBUG | repo=arquillian-phantom-binary | action=commit
2025-12-21 17:51:00 | INFO | repo=arquillian-phantom-binary | action=edit | files=3
2025-08-20 14:33:00 | DEBUG | repo=arquillian-phantom-binary | action=commit
2025-09-21 07:22:00 | DEBUG | repo=arquillian-phantom-binary | action=commit
2025-11-28 18:53:00 | DEBUG | repo=arquillian-phantom-binary | action=test | passed=true
2025-07-14 07:02:00 | INFO | repo=arquillian-phantom-binary | action=commit
2025-05-13 07:57:00 | INFO | repo=arquillian-phantom-binary | action=pull
2025-03-24 19:17:00 | WARN | repo=arquillian-phantom-binary | action=commit
